<?xml version="1.0" encoding="utf-8" standalone="no"?>
<test-run id="2" testcasecount="12" result="Passed" total="12" passed="12" failed="0" inconclusive="0" skipped="0" asserts="34" engine-version="3.6.1.0" clr-version="4.0.30319.42000" start-time="2017-04-23 20:45:34Z" end-time="2017-04-23 20:45:39Z" duration="4.965094">
  <command-line><![CDATA["C:\Users\matan\Desktop\bgu\year 3\2\סדנא\WSEP\Code\TexasHoldem\.\packages\NUnit.ConsoleRunner.3.6.1\tools\nunit3-console.exe" .\GamingTests\bin\Debug\GamingTests.dll]]></command-line>
  <test-suite type="Assembly" id="0-1027" name="GamingTests.dll" fullname="C:\Users\matan\Desktop\bgu\year 3\2\סדנא\WSEP\Code\TexasHoldem\GamingTests\bin\Debug\GamingTests.dll" runstate="Runnable" testcasecount="12" result="Passed" start-time="2017-04-23 20:45:39Z" end-time="2017-04-23 20:45:39Z" duration="0.435603" total="12" passed="12" failed="0" warnings="0" inconclusive="0" skipped="0" asserts="34">
    <environment framework-version="3.6.1.0" clr-version="4.0.30319.42000" os-version="Microsoft Windows NT 10.0.14393.0" platform="Win32NT" cwd="C:\Users\matan\Desktop\bgu\year 3\2\סדנא\WSEP\Code\TexasHoldem" machine-name="NIVHAMAGNIV" user="matan" user-domain="NIVHAMAGNIV" culture="en-US" uiculture="en-US" os-architecture="x64" />
    <settings>
      <setting name="DisposeRunners" value="True" />
      <setting name="WorkDirectory" value="C:\Users\matan\Desktop\bgu\year 3\2\סדנא\WSEP\Code\TexasHoldem" />
      <setting name="ImageRuntimeVersion" value="4.0.30319" />
      <setting name="ImageTargetFrameworkName" value=".NETFramework,Version=v4.5" />
      <setting name="ImageRequiresX86" value="False" />
      <setting name="ImageRequiresDefaultAppDomainAssemblyResolver" value="False" />
      <setting name="NumberOfTestWorkers" value="4" />
    </settings>
    <properties>
      <property name="_PID" value="4520" />
      <property name="_APPDOMAIN" value="domain-" />
    </properties>
    <test-suite type="TestSuite" id="0-1029" name="Gaming" fullname="Gaming" runstate="Runnable" testcasecount="4" result="Passed" start-time="2017-04-23 20:45:39Z" end-time="2017-04-23 20:45:39Z" duration="0.170630" total="4" passed="4" failed="0" warnings="0" inconclusive="0" skipped="0" asserts="8">
      <test-suite type="TestFixture" id="0-1013" name="GameParticipantsTests" fullname="Gaming.GameParticipantsTests" classname="Gaming.GameParticipantsTests" runstate="Runnable" testcasecount="4" result="Passed" start-time="2017-04-23 20:45:39Z" end-time="2017-04-23 20:45:39Z" duration="0.164137" total="4" passed="4" failed="0" warnings="0" inconclusive="0" skipped="0" asserts="8">
        <test-suite type="ParameterizedMethod" id="0-1015" name="AddPlayerToGame" fullname="Gaming.GameParticipantsTests.AddPlayerToGame" classname="Gaming.GameParticipantsTests" runstate="Runnable" testcasecount="1" result="Passed" start-time="2017-04-23 20:45:39Z" end-time="2017-04-23 20:45:39Z" duration="0.111227" total="1" passed="1" failed="0" warnings="0" inconclusive="0" skipped="0" asserts="2">
          <test-case id="0-1014" name="AddPlayerToGame()" fullname="Gaming.GameParticipantsTests.AddPlayerToGame()" methodname="AddPlayerToGame" classname="Gaming.GameParticipantsTests" runstate="Runnable" seed="1718935980" result="Passed" start-time="2017-04-23 20:45:39Z" end-time="2017-04-23 20:45:39Z" duration="0.095946" asserts="2" />
        </test-suite>
        <test-suite type="ParameterizedMethod" id="0-1017" name="AddSpectatorToGame" fullname="Gaming.GameParticipantsTests.AddSpectatorToGame" classname="Gaming.GameParticipantsTests" runstate="Runnable" testcasecount="1" result="Passed" start-time="2017-04-23 20:45:39Z" end-time="2017-04-23 20:45:39Z" duration="0.005104" total="1" passed="1" failed="0" warnings="0" inconclusive="0" skipped="0" asserts="2">
          <test-case id="0-1016" name="AddSpectatorToGame()" fullname="Gaming.GameParticipantsTests.AddSpectatorToGame()" methodname="AddSpectatorToGame" classname="Gaming.GameParticipantsTests" runstate="Runnable" seed="423855904" result="Passed" start-time="2017-04-23 20:45:39Z" end-time="2017-04-23 20:45:39Z" duration="0.002278" asserts="2" />
        </test-suite>
        <test-suite type="ParameterizedMethod" id="0-1019" name="RemovePlayerFromGame" fullname="Gaming.GameParticipantsTests.RemovePlayerFromGame" classname="Gaming.GameParticipantsTests" runstate="Runnable" testcasecount="1" result="Passed" start-time="2017-04-23 20:45:39Z" end-time="2017-04-23 20:45:39Z" duration="0.016037" total="1" passed="1" failed="0" warnings="0" inconclusive="0" skipped="0" asserts="2">
          <test-case id="0-1018" name="RemovePlayerFromGame()" fullname="Gaming.GameParticipantsTests.RemovePlayerFromGame()" methodname="RemovePlayerFromGame" classname="Gaming.GameParticipantsTests" runstate="Runnable" seed="826078839" result="Passed" start-time="2017-04-23 20:45:39Z" end-time="2017-04-23 20:45:39Z" duration="0.013259" asserts="2" />
        </test-suite>
        <test-suite type="ParameterizedMethod" id="0-1021" name="RemoveSpectatorFromGame" fullname="Gaming.GameParticipantsTests.RemoveSpectatorFromGame" classname="Gaming.GameParticipantsTests" runstate="Runnable" testcasecount="1" result="Passed" start-time="2017-04-23 20:45:39Z" end-time="2017-04-23 20:45:39Z" duration="0.005037" total="1" passed="1" failed="0" warnings="0" inconclusive="0" skipped="0" asserts="2">
          <test-case id="0-1020" name="RemoveSpectatorFromGame()" fullname="Gaming.GameParticipantsTests.RemoveSpectatorFromGame()" methodname="RemoveSpectatorFromGame" classname="Gaming.GameParticipantsTests" runstate="Runnable" seed="811127076" result="Passed" start-time="2017-04-23 20:45:39Z" end-time="2017-04-23 20:45:39Z" duration="0.001903" asserts="2" />
        </test-suite>
      </test-suite>
    </test-suite>
    <test-suite type="TestSuite" id="0-1028" name="GamingTests" fullname="GamingTests" runstate="Runnable" testcasecount="8" result="Passed" start-time="2017-04-23 20:45:39Z" end-time="2017-04-23 20:45:39Z" duration="0.407831" total="8" passed="8" failed="0" warnings="0" inconclusive="0" skipped="0" asserts="26">
      <test-suite type="TestFixture" id="0-1000" name="DeckTests" fullname="GamingTests.DeckTests" classname="GamingTests.DeckTests" runstate="Runnable" testcasecount="6" result="Passed" start-time="2017-04-23 20:45:39Z" end-time="2017-04-23 20:45:39Z" duration="0.081085" total="6" passed="6" failed="0" warnings="0" inconclusive="0" skipped="0" asserts="24">
        <test-suite type="ParameterizedMethod" id="0-1002" name="CreateDeckWithCorrectCards" fullname="GamingTests.DeckTests.CreateDeckWithCorrectCards" classname="GamingTests.DeckTests" runstate="Runnable" testcasecount="1" result="Passed" start-time="2017-04-23 20:45:39Z" end-time="2017-04-23 20:45:39Z" duration="0.023036" total="1" passed="1" failed="0" warnings="0" inconclusive="0" skipped="0" asserts="4">
          <test-case id="0-1001" name="CreateDeckWithCorrectCards()" fullname="GamingTests.DeckTests.CreateDeckWithCorrectCards()" methodname="CreateDeckWithCorrectCards" classname="GamingTests.DeckTests" runstate="Runnable" seed="269400272" result="Passed" start-time="2017-04-23 20:45:39Z" end-time="2017-04-23 20:45:39Z" duration="0.020000" asserts="4" />
        </test-suite>
        <test-suite type="ParameterizedMethod" id="0-1008" name="DrawFlop" fullname="GamingTests.DeckTests.DrawFlop" classname="GamingTests.DeckTests" runstate="Runnable" testcasecount="1" result="Passed" start-time="2017-04-23 20:45:39Z" end-time="2017-04-23 20:45:39Z" duration="0.008044" total="1" passed="1" failed="0" warnings="0" inconclusive="0" skipped="0" asserts="5">
          <test-case id="0-1007" name="DrawFlop()" fullname="GamingTests.DeckTests.DrawFlop()" methodname="DrawFlop" classname="GamingTests.DeckTests" runstate="Runnable" seed="1738583487" result="Passed" start-time="2017-04-23 20:45:39Z" end-time="2017-04-23 20:45:39Z" duration="0.005070" asserts="5" />
        </test-suite>
        <test-suite type="ParameterizedMethod" id="0-1006" name="DrawPlayerHand" fullname="GamingTests.DeckTests.DrawPlayerHand" classname="GamingTests.DeckTests" runstate="Runnable" testcasecount="1" result="Passed" start-time="2017-04-23 20:45:39Z" end-time="2017-04-23 20:45:39Z" duration="0.007531" total="1" passed="1" failed="0" warnings="0" inconclusive="0" skipped="0" asserts="5">
          <test-case id="0-1005" name="DrawPlayerHand()" fullname="GamingTests.DeckTests.DrawPlayerHand()" methodname="DrawPlayerHand" classname="GamingTests.DeckTests" runstate="Runnable" seed="770018549" result="Passed" start-time="2017-04-23 20:45:39Z" end-time="2017-04-23 20:45:39Z" duration="0.004269" asserts="5" />
        </test-suite>
        <test-suite type="ParameterizedMethod" id="0-1010" name="DrawRiver" fullname="GamingTests.DeckTests.DrawRiver" classname="GamingTests.DeckTests" runstate="Runnable" testcasecount="1" result="Passed" start-time="2017-04-23 20:45:39Z" end-time="2017-04-23 20:45:39Z" duration="0.005513" total="1" passed="1" failed="0" warnings="0" inconclusive="0" skipped="0" asserts="3">
          <test-case id="0-1009" name="DrawRiver()" fullname="GamingTests.DeckTests.DrawRiver()" methodname="DrawRiver" classname="GamingTests.DeckTests" runstate="Runnable" seed="1650143289" result="Passed" start-time="2017-04-23 20:45:39Z" end-time="2017-04-23 20:45:39Z" duration="0.002911" asserts="3" />
        </test-suite>
        <test-suite type="ParameterizedMethod" id="0-1012" name="DrawTurn" fullname="GamingTests.DeckTests.DrawTurn" classname="GamingTests.DeckTests" runstate="Runnable" testcasecount="1" result="Passed" start-time="2017-04-23 20:45:39Z" end-time="2017-04-23 20:45:39Z" duration="0.005117" total="1" passed="1" failed="0" warnings="0" inconclusive="0" skipped="0" asserts="4">
          <test-case id="0-1011" name="DrawTurn()" fullname="GamingTests.DeckTests.DrawTurn()" methodname="DrawTurn" classname="GamingTests.DeckTests" runstate="Runnable" seed="1653569797" result="Passed" start-time="2017-04-23 20:45:39Z" end-time="2017-04-23 20:45:39Z" duration="0.001722" asserts="4" />
        </test-suite>
        <test-suite type="ParameterizedMethod" id="0-1004" name="ShuffleCards" fullname="GamingTests.DeckTests.ShuffleCards" classname="GamingTests.DeckTests" runstate="Runnable" testcasecount="1" result="Passed" start-time="2017-04-23 20:45:39Z" end-time="2017-04-23 20:45:39Z" duration="0.013145" total="1" passed="1" failed="0" warnings="0" inconclusive="0" skipped="0" asserts="3">
          <test-case id="0-1003" name="ShuffleCards()" fullname="GamingTests.DeckTests.ShuffleCards()" methodname="ShuffleCards" classname="GamingTests.DeckTests" runstate="Runnable" seed="484484476" result="Passed" start-time="2017-04-23 20:45:39Z" end-time="2017-04-23 20:45:39Z" duration="0.009808" asserts="3" />
        </test-suite>
      </test-suite>
      <test-suite type="TestFixture" id="0-1022" name="GamePlayTests" fullname="GamingTests.GamePlayTests" classname="GamingTests.GamePlayTests" runstate="Runnable" testcasecount="2" result="Passed" start-time="2017-04-23 20:45:39Z" end-time="2017-04-23 20:45:39Z" duration="0.151362" total="2" passed="2" failed="0" warnings="0" inconclusive="0" skipped="0" asserts="2">
        <test-suite type="ParameterizedMethod" id="0-1026" name="testAllPlayersCheck" fullname="GamingTests.GamePlayTests.testAllPlayersCheck" classname="GamingTests.GamePlayTests" runstate="Runnable" testcasecount="1" result="Passed" start-time="2017-04-23 20:45:39Z" end-time="2017-04-23 20:45:39Z" duration="0.136148" total="1" passed="1" failed="0" warnings="0" inconclusive="0" skipped="0" asserts="1">
          <test-case id="0-1025" name="testAllPlayersCheck()" fullname="GamingTests.GamePlayTests.testAllPlayersCheck()" methodname="testAllPlayersCheck" classname="GamingTests.GamePlayTests" runstate="Runnable" seed="1923468148" result="Passed" start-time="2017-04-23 20:45:39Z" end-time="2017-04-23 20:45:39Z" duration="0.133465" asserts="1">
            <output><![CDATA[2
0
1
0
1
2
0
1
2
0
1
2
]]></output>
          </test-case>
        </test-suite>
        <test-suite type="ParameterizedMethod" id="0-1024" name="testAllPlayersFold" fullname="GamingTests.GamePlayTests.testAllPlayersFold" classname="GamingTests.GamePlayTests" runstate="Runnable" testcasecount="1" result="Passed" start-time="2017-04-23 20:45:39Z" end-time="2017-04-23 20:45:39Z" duration="0.008530" total="1" passed="1" failed="0" warnings="0" inconclusive="0" skipped="0" asserts="1">
          <test-case id="0-1023" name="testAllPlayersFold()" fullname="GamingTests.GamePlayTests.testAllPlayersFold()" methodname="testAllPlayersFold" classname="GamingTests.GamePlayTests" runstate="Runnable" seed="915281692" result="Passed" start-time="2017-04-23 20:45:39Z" end-time="2017-04-23 20:45:39Z" duration="0.005809" asserts="1">
            <output><![CDATA[2
0
]]></output>
          </test-case>
        </test-suite>
      </test-suite>
    </test-suite>
  </test-suite>
</test-run>