<?xml version="1.0" encoding="utf-8" standalone="no"?>
<test-run id="2" testcasecount="6" result="Passed" total="6" passed="6" failed="0" inconclusive="0" skipped="0" asserts="10" engine-version="3.6.1.0" clr-version="4.0.30319.42000" start-time="2017-04-23 18:54:48Z" end-time="2017-04-23 18:54:53Z" duration="4.799160">
  <command-line><![CDATA["C:\Users\matan\Desktop\bgu\year 3\2\סדנא\WSEP\Code\TexasHoldem\.\packages\NUnit.ConsoleRunner.3.6.1\tools\nunit3-console.exe" .\GamingTests\bin\Debug\GamingTests.dll]]></command-line>
  <test-suite type="Assembly" id="0-1014" name="GamingTests.dll" fullname="C:\Users\matan\Desktop\bgu\year 3\2\סדנא\WSEP\Code\TexasHoldem\GamingTests\bin\Debug\GamingTests.dll" runstate="Runnable" testcasecount="6" result="Passed" start-time="2017-04-23 18:54:52Z" end-time="2017-04-23 18:54:53Z" duration="0.430718" total="6" passed="6" failed="0" warnings="0" inconclusive="0" skipped="0" asserts="10">
    <environment framework-version="3.6.1.0" clr-version="4.0.30319.42000" os-version="Microsoft Windows NT 10.0.14393.0" platform="Win32NT" cwd="C:\Users\matan\Desktop\bgu\year 3\2\סדנא\WSEP\Code\TexasHoldem" machine-name="NIVHAMAGNIV" user="matan" user-domain="NIVHAMAGNIV" culture="en-US" uiculture="en-US" os-architecture="x64" />
    <settings>
      <setting name="DisposeRunners" value="True" />
      <setting name="WorkDirectory" value="C:\Users\matan\Desktop\bgu\year 3\2\סדנא\WSEP\Code\TexasHoldem" />
      <setting name="ImageRuntimeVersion" value="4.0.30319" />
      <setting name="ImageTargetFrameworkName" value=".NETFramework,Version=v4.5" />
      <setting name="ImageRequiresX86" value="False" />
      <setting name="ImageRequiresDefaultAppDomainAssemblyResolver" value="False" />
      <setting name="NumberOfTestWorkers" value="4" />
    </settings>
    <properties>
      <property name="_PID" value="15128" />
      <property name="_APPDOMAIN" value="domain-" />
    </properties>
    <test-suite type="TestSuite" id="0-1015" name="Gaming" fullname="Gaming" runstate="Runnable" testcasecount="4" result="Passed" start-time="2017-04-23 18:54:52Z" end-time="2017-04-23 18:54:52Z" duration="0.171888" total="4" passed="4" failed="0" warnings="0" inconclusive="0" skipped="0" asserts="8">
      <test-suite type="TestFixture" id="0-1000" name="GameParticipantsTests" fullname="Gaming.GameParticipantsTests" classname="Gaming.GameParticipantsTests" runstate="Runnable" testcasecount="4" result="Passed" start-time="2017-04-23 18:54:52Z" end-time="2017-04-23 18:54:52Z" duration="0.164395" total="4" passed="4" failed="0" warnings="0" inconclusive="0" skipped="0" asserts="8">
        <test-suite type="ParameterizedMethod" id="0-1002" name="AddPlayerToGame" fullname="Gaming.GameParticipantsTests.AddPlayerToGame" classname="Gaming.GameParticipantsTests" runstate="Runnable" testcasecount="1" result="Passed" start-time="2017-04-23 18:54:52Z" end-time="2017-04-23 18:54:52Z" duration="0.112057" total="1" passed="1" failed="0" warnings="0" inconclusive="0" skipped="0" asserts="2">
          <test-case id="0-1001" name="AddPlayerToGame()" fullname="Gaming.GameParticipantsTests.AddPlayerToGame()" methodname="AddPlayerToGame" classname="Gaming.GameParticipantsTests" runstate="Runnable" seed="206575056" result="Passed" start-time="2017-04-23 18:54:52Z" end-time="2017-04-23 18:54:52Z" duration="0.096308" asserts="2" />
        </test-suite>
        <test-suite type="ParameterizedMethod" id="0-1004" name="AddSpectatorToGame" fullname="Gaming.GameParticipantsTests.AddSpectatorToGame" classname="Gaming.GameParticipantsTests" runstate="Runnable" testcasecount="1" result="Passed" start-time="2017-04-23 18:54:52Z" end-time="2017-04-23 18:54:52Z" duration="0.005109" total="1" passed="1" failed="0" warnings="0" inconclusive="0" skipped="0" asserts="2">
          <test-case id="0-1003" name="AddSpectatorToGame()" fullname="Gaming.GameParticipantsTests.AddSpectatorToGame()" methodname="AddSpectatorToGame" classname="Gaming.GameParticipantsTests" runstate="Runnable" seed="202001602" result="Passed" start-time="2017-04-23 18:54:52Z" end-time="2017-04-23 18:54:52Z" duration="0.002291" asserts="2" />
        </test-suite>
        <test-suite type="ParameterizedMethod" id="0-1006" name="RemovePlayerFromGame" fullname="Gaming.GameParticipantsTests.RemovePlayerFromGame" classname="Gaming.GameParticipantsTests" runstate="Runnable" testcasecount="1" result="Passed" start-time="2017-04-23 18:54:52Z" end-time="2017-04-23 18:54:52Z" duration="0.015044" total="1" passed="1" failed="0" warnings="0" inconclusive="0" skipped="0" asserts="2">
          <test-case id="0-1005" name="RemovePlayerFromGame()" fullname="Gaming.GameParticipantsTests.RemovePlayerFromGame()" methodname="RemovePlayerFromGame" classname="Gaming.GameParticipantsTests" runstate="Runnable" seed="764829757" result="Passed" start-time="2017-04-23 18:54:52Z" end-time="2017-04-23 18:54:52Z" duration="0.012365" asserts="2" />
        </test-suite>
        <test-suite type="ParameterizedMethod" id="0-1008" name="RemoveSpectatorFromGame" fullname="Gaming.GameParticipantsTests.RemoveSpectatorFromGame" classname="Gaming.GameParticipantsTests" runstate="Runnable" testcasecount="1" result="Passed" start-time="2017-04-23 18:54:52Z" end-time="2017-04-23 18:54:52Z" duration="0.005037" total="1" passed="1" failed="0" warnings="0" inconclusive="0" skipped="0" asserts="2">
          <test-case id="0-1007" name="RemoveSpectatorFromGame()" fullname="Gaming.GameParticipantsTests.RemoveSpectatorFromGame()" methodname="RemoveSpectatorFromGame" classname="Gaming.GameParticipantsTests" runstate="Runnable" seed="1510859947" result="Passed" start-time="2017-04-23 18:54:52Z" end-time="2017-04-23 18:54:52Z" duration="0.001914" asserts="2" />
        </test-suite>
      </test-suite>
    </test-suite>
    <test-suite type="TestSuite" id="0-1016" name="GamingTests" fullname="GamingTests" runstate="Runnable" testcasecount="2" result="Passed" start-time="2017-04-23 18:54:52Z" end-time="2017-04-23 18:54:53Z" duration="0.405085" total="2" passed="2" failed="0" warnings="0" inconclusive="0" skipped="0" asserts="2">
      <test-suite type="TestFixture" id="0-1009" name="GamePlayTests" fullname="GamingTests.GamePlayTests" classname="GamingTests.GamePlayTests" runstate="Runnable" testcasecount="2" result="Passed" start-time="2017-04-23 18:54:52Z" end-time="2017-04-23 18:54:53Z" duration="0.232711" total="2" passed="2" failed="0" warnings="0" inconclusive="0" skipped="0" asserts="2">
        <test-suite type="ParameterizedMethod" id="0-1013" name="testAllPlayersCheck" fullname="GamingTests.GamePlayTests.testAllPlayersCheck" classname="GamingTests.GamePlayTests" runstate="Runnable" testcasecount="1" result="Passed" start-time="2017-04-23 18:54:52Z" end-time="2017-04-23 18:54:53Z" duration="0.218171" total="1" passed="1" failed="0" warnings="0" inconclusive="0" skipped="0" asserts="1">
          <test-case id="0-1012" name="testAllPlayersCheck()" fullname="GamingTests.GamePlayTests.testAllPlayersCheck()" methodname="testAllPlayersCheck" classname="GamingTests.GamePlayTests" runstate="Runnable" seed="511616922" result="Passed" start-time="2017-04-23 18:54:52Z" end-time="2017-04-23 18:54:53Z" duration="0.215532" asserts="1">
            <output><![CDATA[2
0
1
0
1
2
0
1
2
0
1
2
]]></output>
          </test-case>
        </test-suite>
        <test-suite type="ParameterizedMethod" id="0-1011" name="testAllPlayersFold" fullname="GamingTests.GamePlayTests.testAllPlayersFold" classname="GamingTests.GamePlayTests" runstate="Runnable" testcasecount="1" result="Passed" start-time="2017-04-23 18:54:53Z" end-time="2017-04-23 18:54:53Z" duration="0.008073" total="1" passed="1" failed="0" warnings="0" inconclusive="0" skipped="0" asserts="1">
          <test-case id="0-1010" name="testAllPlayersFold()" fullname="GamingTests.GamePlayTests.testAllPlayersFold()" methodname="testAllPlayersFold" classname="GamingTests.GamePlayTests" runstate="Runnable" seed="867349021" result="Passed" start-time="2017-04-23 18:54:53Z" end-time="2017-04-23 18:54:53Z" duration="0.004516" asserts="1">
            <output><![CDATA[2
0
]]></output>
          </test-case>
        </test-suite>
      </test-suite>
    </test-suite>
  </test-suite>
</test-run>