<?xml version="1.0" encoding="utf-8" standalone="no"?>

<test-run id="2" testcasecount="52" result="Passed" total="52" passed="52" failed="0" inconclusive="0" skipped="0" asserts="81" engine-version="3.6.1.0" clr-version="4.0.30319.42000" start-time="2017-04-26 21:53:25Z" end-time="2017-04-26 21:53:31Z" duration="5.782049">
  <command-line><![CDATA["C:\Users\matan\Desktop\bgu\year 3\2\סדנא\WSEP\Code\TexasHoldem\.\packages\NUnit.ConsoleRunner.3.6.1\tools\nunit3-console.exe" .\GamingTests\bin\Debug\GamingTests.dll]]></command-line>
  <test-suite type="Assembly" id="0-1110" name="GamingTests.dll" fullname="C:\Users\matan\Desktop\bgu\year 3\2\סדנא\WSEP\Code\TexasHoldem\GamingTests\bin\Debug\GamingTests.dll" runstate="Runnable" testcasecount="52" result="Passed" start-time="2017-04-26 21:53:29Z" end-time="2017-04-26 21:53:31Z" duration="1.623437" total="52" passed="52" failed="0" warnings="0" inconclusive="0" skipped="0" asserts="81">
    <environment framework-version="3.6.1.0" clr-version="4.0.30319.42000" os-version="Microsoft Windows NT 10.0.14393.0" platform="Win32NT" cwd="C:\Users\matan\Desktop\bgu\year 3\2\סדנא\WSEP\Code\TexasHoldem" machine-name="NIVHAMAGNIV" user="matan" user-domain="NIVHAMAGNIV" culture="en-US" uiculture="en-US" os-architecture="x64" />
    <settings>
      <setting name="DisposeRunners" value="True" />
      <setting name="WorkDirectory" value="C:\Users\matan\Desktop\bgu\year 3\2\סדנא\WSEP\Code\TexasHoldem" />
      <setting name="ImageRuntimeVersion" value="4.0.30319" />
      <setting name="ImageTargetFrameworkName" value=".NETFramework,Version=v4.5" />
      <setting name="ImageRequiresX86" value="False" />
      <setting name="ImageRequiresDefaultAppDomainAssemblyResolver" value="False" />
      <setting name="NumberOfTestWorkers" value="4" />
    </settings>
    <properties>
      <property name="_PID" value="15220" />
      <property name="_APPDOMAIN" value="domain-" />
    </properties>
    <test-suite type="TestSuite" id="0-1112" name="Gaming" fullname="Gaming" runstate="Runnable" testcasecount="6" result="Passed" start-time="2017-04-26 21:53:29Z" end-time="2017-04-26 21:53:30Z" duration="0.198465" total="6" passed="6" failed="0" warnings="0" inconclusive="0" skipped="0" asserts="10">
      <test-suite type="TestFixture" id="0-1066" name="GameParticipantsTests" fullname="Gaming.GameParticipantsTests" classname="Gaming.GameParticipantsTests" runstate="Runnable" testcasecount="6" result="Passed" start-time="2017-04-26 21:53:29Z" end-time="2017-04-26 21:53:30Z" duration="0.191019" total="6" passed="6" failed="0" warnings="0" inconclusive="0" skipped="0" asserts="10">
        <test-suite type="ParameterizedMethod" id="0-1068" name="AddPlayerToGame" fullname="Gaming.GameParticipantsTests.AddPlayerToGame" classname="Gaming.GameParticipantsTests" runstate="Runnable" testcasecount="1" result="Passed" start-time="2017-04-26 21:53:29Z" end-time="2017-04-26 21:53:30Z" duration="0.098653" total="1" passed="1" failed="0" warnings="0" inconclusive="0" skipped="0" asserts="2">
          <test-case id="0-1067" name="AddPlayerToGame()" fullname="Gaming.GameParticipantsTests.AddPlayerToGame()" methodname="AddPlayerToGame" classname="Gaming.GameParticipantsTests" runstate="Runnable" seed="1034552642" result="Passed" start-time="2017-04-26 21:53:29Z" end-time="2017-04-26 21:53:30Z" duration="0.083827" asserts="2" />
        </test-suite>
        <test-suite type="ParameterizedMethod" id="0-1074" name="AddSpectatorsToGameThatDoesntAllowSpecators" fullname="Gaming.GameParticipantsTests.AddSpectatorsToGameThatDoesntAllowSpecators" classname="Gaming.GameParticipantsTests" runstate="Runnable" testcasecount="1" result="Passed" start-time="2017-04-26 21:53:30Z" end-time="2017-04-26 21:53:30Z" duration="0.019077" total="1" passed="1" failed="0" warnings="0" inconclusive="0" skipped="0" asserts="1">
          <test-case id="0-1073" name="AddSpectatorsToGameThatDoesntAllowSpecators()" fullname="Gaming.GameParticipantsTests.AddSpectatorsToGameThatDoesntAllowSpecators()" methodname="AddSpectatorsToGameThatDoesntAllowSpecators" classname="Gaming.GameParticipantsTests" runstate="Runnable" seed="691194771" result="Passed" start-time="2017-04-26 21:53:30Z" end-time="2017-04-26 21:53:30Z" duration="0.016441" asserts="1" />
        </test-suite>
        <test-suite type="ParameterizedMethod" id="0-1070" name="AddSpectatorToGame" fullname="Gaming.GameParticipantsTests.AddSpectatorToGame" classname="Gaming.GameParticipantsTests" runstate="Runnable" testcasecount="1" result="Passed" start-time="2017-04-26 21:53:30Z" end-time="2017-04-26 21:53:30Z" duration="0.005045" total="1" passed="1" failed="0" warnings="0" inconclusive="0" skipped="0" asserts="2">
          <test-case id="0-1069" name="AddSpectatorToGame()" fullname="Gaming.GameParticipantsTests.AddSpectatorToGame()" methodname="AddSpectatorToGame" classname="Gaming.GameParticipantsTests" runstate="Runnable" seed="976338111" result="Passed" start-time="2017-04-26 21:53:30Z" end-time="2017-04-26 21:53:30Z" duration="0.001938" asserts="2" />
        </test-suite>
        <test-suite type="ParameterizedMethod" id="0-1072" name="ChatTest" fullname="Gaming.GameParticipantsTests.ChatTest" classname="Gaming.GameParticipantsTests" runstate="Runnable" testcasecount="1" result="Passed" start-time="2017-04-26 21:53:30Z" end-time="2017-04-26 21:53:30Z" duration="0.011031" total="1" passed="1" failed="0" warnings="0" inconclusive="0" skipped="0" asserts="1">
          <test-case id="0-1071" name="ChatTest()" fullname="Gaming.GameParticipantsTests.ChatTest()" methodname="ChatTest" classname="Gaming.GameParticipantsTests" runstate="Runnable" seed="1574831453" result="Passed" start-time="2017-04-26 21:53:30Z" end-time="2017-04-26 21:53:30Z" duration="0.007574" asserts="1" />
        </test-suite>
        <test-suite type="ParameterizedMethod" id="0-1076" name="RemovePlayerFromGame" fullname="Gaming.GameParticipantsTests.RemovePlayerFromGame" classname="Gaming.GameParticipantsTests" runstate="Runnable" testcasecount="1" result="Passed" start-time="2017-04-26 21:53:30Z" end-time="2017-04-26 21:53:30Z" duration="0.020589" total="1" passed="1" failed="0" warnings="0" inconclusive="0" skipped="0" asserts="2">
          <test-case id="0-1075" name="RemovePlayerFromGame()" fullname="Gaming.GameParticipantsTests.RemovePlayerFromGame()" methodname="RemovePlayerFromGame" classname="Gaming.GameParticipantsTests" runstate="Runnable" seed="1288842723" result="Passed" start-time="2017-04-26 21:53:30Z" end-time="2017-04-26 21:53:30Z" duration="0.017769" asserts="2" />
        </test-suite>
        <test-suite type="ParameterizedMethod" id="0-1078" name="RemoveSpectatorFromGame" fullname="Gaming.GameParticipantsTests.RemoveSpectatorFromGame" classname="Gaming.GameParticipantsTests" runstate="Runnable" testcasecount="1" result="Passed" start-time="2017-04-26 21:53:30Z" end-time="2017-04-26 21:53:30Z" duration="0.005580" total="1" passed="1" failed="0" warnings="0" inconclusive="0" skipped="0" asserts="2">
          <test-case id="0-1077" name="RemoveSpectatorFromGame()" fullname="Gaming.GameParticipantsTests.RemoveSpectatorFromGame()" methodname="RemoveSpectatorFromGame" classname="Gaming.GameParticipantsTests" runstate="Runnable" seed="373788978" result="Passed" start-time="2017-04-26 21:53:30Z" end-time="2017-04-26 21:53:30Z" duration="0.002497" asserts="2" />
        </test-suite>
      </test-suite>
    </test-suite>
    <test-suite type="TestSuite" id="0-1111" name="GamingTests" fullname="GamingTests" runstate="Runnable" testcasecount="46" result="Passed" start-time="2017-04-26 21:53:29Z" end-time="2017-04-26 21:53:31Z" duration="1.594529" total="46" passed="46" failed="0" warnings="0" inconclusive="0" skipped="0" asserts="71">
      <test-suite type="TestFixture" id="0-1000" name="CardAnalyzerTest" fullname="GamingTests.CardAnalyzerTest" classname="GamingTests.CardAnalyzerTest" runstate="Runnable" testcasecount="24" result="Passed" start-time="2017-04-26 21:53:30Z" end-time="2017-04-26 21:53:31Z" duration="0.911755" total="24" passed="24" failed="0" warnings="0" inconclusive="0" skipped="0" asserts="24">
        <test-suite type="ParameterizedMethod" id="0-1040" name="fullHouseAnalyzeTest" fullname="GamingTests.CardAnalyzerTest.fullHouseAnalyzeTest" classname="GamingTests.CardAnalyzerTest" runstate="Runnable" testcasecount="1" result="Passed" start-time="2017-04-26 21:53:30Z" end-time="2017-04-26 21:53:30Z" duration="0.036558" total="1" passed="1" failed="0" warnings="0" inconclusive="0" skipped="0" asserts="1">
          <test-case id="0-1039" name="fullHouseAnalyzeTest()" fullname="GamingTests.CardAnalyzerTest.fullHouseAnalyzeTest()" methodname="fullHouseAnalyzeTest" classname="GamingTests.CardAnalyzerTest" runstate="Runnable" seed="832408972" result="Passed" start-time="2017-04-26 21:53:30Z" end-time="2017-04-26 21:53:30Z" duration="0.033567" asserts="1" />
        </test-suite>
        <test-suite type="ParameterizedMethod" id="0-1022" name="hasFlushTest" fullname="GamingTests.CardAnalyzerTest.hasFlushTest" classname="GamingTests.CardAnalyzerTest" runstate="Runnable" testcasecount="1" result="Passed" start-time="2017-04-26 21:53:30Z" end-time="2017-04-26 21:53:30Z" duration="0.023070" total="1" passed="1" failed="0" warnings="0" inconclusive="0" skipped="0" asserts="1">
          <test-case id="0-1021" name="hasFlushTest()" fullname="GamingTests.CardAnalyzerTest.hasFlushTest()" methodname="hasFlushTest" classname="GamingTests.CardAnalyzerTest" runstate="Runnable" seed="1230024508" result="Passed" start-time="2017-04-26 21:53:30Z" end-time="2017-04-26 21:53:30Z" duration="0.020229" asserts="1" />
        </test-suite>
        <test-suite type="ParameterizedMethod" id="0-1014" name="hasFourOfAKindTest" fullname="GamingTests.CardAnalyzerTest.hasFourOfAKindTest" classname="GamingTests.CardAnalyzerTest" runstate="Runnable" testcasecount="1" result="Passed" start-time="2017-04-26 21:53:30Z" end-time="2017-04-26 21:53:30Z" duration="0.014540" total="1" passed="1" failed="0" warnings="0" inconclusive="0" skipped="0" asserts="1">
          <test-case id="0-1013" name="hasFourOfAKindTest()" fullname="GamingTests.CardAnalyzerTest.hasFourOfAKindTest()" methodname="hasFourOfAKindTest" classname="GamingTests.CardAnalyzerTest" runstate="Runnable" seed="1596719648" result="Passed" start-time="2017-04-26 21:53:30Z" end-time="2017-04-26 21:53:30Z" duration="0.011653" asserts="1" />
        </test-suite>
        <test-suite type="ParameterizedMethod" id="0-1018" name="hasFullHouseTest" fullname="GamingTests.CardAnalyzerTest.hasFullHouseTest" classname="GamingTests.CardAnalyzerTest" runstate="Runnable" testcasecount="1" result="Passed" start-time="2017-04-26 21:53:30Z" end-time="2017-04-26 21:53:30Z" duration="0.017537" total="1" passed="1" failed="0" warnings="0" inconclusive="0" skipped="0" asserts="1">
          <test-case id="0-1017" name="hasFullHouseTest()" fullname="GamingTests.CardAnalyzerTest.hasFullHouseTest()" methodname="hasFullHouseTest" classname="GamingTests.CardAnalyzerTest" runstate="Runnable" seed="294512714" result="Passed" start-time="2017-04-26 21:53:30Z" end-time="2017-04-26 21:53:30Z" duration="0.014245" asserts="1" />
        </test-suite>
        <test-suite type="ParameterizedMethod" id="0-1002" name="hasRoyalFlushTest" fullname="GamingTests.CardAnalyzerTest.hasRoyalFlushTest" classname="GamingTests.CardAnalyzerTest" runstate="Runnable" testcasecount="1" result="Passed" start-time="2017-04-26 21:53:30Z" end-time="2017-04-26 21:53:30Z" duration="0.007530" total="1" passed="1" failed="0" warnings="0" inconclusive="0" skipped="0" asserts="1">
          <test-case id="0-1001" name="hasRoyalFlushTest()" fullname="GamingTests.CardAnalyzerTest.hasRoyalFlushTest()" methodname="hasRoyalFlushTest" classname="GamingTests.CardAnalyzerTest" runstate="Runnable" seed="388411469" result="Passed" start-time="2017-04-26 21:53:30Z" end-time="2017-04-26 21:53:30Z" duration="0.001430" asserts="1" />
        </test-suite>
        <test-suite type="ParameterizedMethod" id="0-1012" name="hasStraightFlush2Test" fullname="GamingTests.CardAnalyzerTest.hasStraightFlush2Test" classname="GamingTests.CardAnalyzerTest" runstate="Runnable" testcasecount="1" result="Passed" start-time="2017-04-26 21:53:30Z" end-time="2017-04-26 21:53:30Z" duration="0.009541" total="1" passed="1" failed="0" warnings="0" inconclusive="0" skipped="0" asserts="1">
          <test-case id="0-1011" name="hasStraightFlush2Test()" fullname="GamingTests.CardAnalyzerTest.hasStraightFlush2Test()" methodname="hasStraightFlush2Test" classname="GamingTests.CardAnalyzerTest" runstate="Runnable" seed="1759192580" result="Passed" start-time="2017-04-26 21:53:30Z" end-time="2017-04-26 21:53:30Z" duration="0.006689" asserts="1" />
        </test-suite>
        <test-suite type="ParameterizedMethod" id="0-1010" name="hasStraightFlushTest" fullname="GamingTests.CardAnalyzerTest.hasStraightFlushTest" classname="GamingTests.CardAnalyzerTest" runstate="Runnable" testcasecount="1" result="Passed" start-time="2017-04-26 21:53:30Z" end-time="2017-04-26 21:53:30Z" duration="0.010028" total="1" passed="1" failed="0" warnings="0" inconclusive="0" skipped="0" asserts="1">
          <test-case id="0-1009" name="hasStraightFlushTest()" fullname="GamingTests.CardAnalyzerTest.hasStraightFlushTest()" methodname="hasStraightFlushTest" classname="GamingTests.CardAnalyzerTest" runstate="Runnable" seed="535663729" result="Passed" start-time="2017-04-26 21:53:30Z" end-time="2017-04-26 21:53:30Z" duration="0.007402" asserts="1" />
        </test-suite>
        <test-suite type="ParameterizedMethod" id="0-1026" name="hasStraightTest" fullname="GamingTests.CardAnalyzerTest.hasStraightTest" classname="GamingTests.CardAnalyzerTest" runstate="Runnable" testcasecount="1" result="Passed" start-time="2017-04-26 21:53:30Z" end-time="2017-04-26 21:53:30Z" duration="0.033046" total="1" passed="1" failed="0" warnings="0" inconclusive="0" skipped="0" asserts="1">
          <test-case id="0-1025" name="hasStraightTest()" fullname="GamingTests.CardAnalyzerTest.hasStraightTest()" methodname="hasStraightTest" classname="GamingTests.CardAnalyzerTest" runstate="Runnable" seed="1586536047" result="Passed" start-time="2017-04-26 21:53:30Z" end-time="2017-04-26 21:53:30Z" duration="0.029838" asserts="1" />
        </test-suite>
        <test-suite type="ParameterizedMethod" id="0-1030" name="hasThreeOfAKindTest" fullname="GamingTests.CardAnalyzerTest.hasThreeOfAKindTest" classname="GamingTests.CardAnalyzerTest" runstate="Runnable" testcasecount="1" result="Passed" start-time="2017-04-26 21:53:30Z" end-time="2017-04-26 21:53:30Z" duration="0.030031" total="1" passed="1" failed="0" warnings="0" inconclusive="0" skipped="0" asserts="1">
          <test-case id="0-1029" name="hasThreeOfAKindTest()" fullname="GamingTests.CardAnalyzerTest.hasThreeOfAKindTest()" methodname="hasThreeOfAKindTest" classname="GamingTests.CardAnalyzerTest" runstate="Runnable" seed="843073429" result="Passed" start-time="2017-04-26 21:53:30Z" end-time="2017-04-26 21:53:30Z" duration="0.027105" asserts="1" />
        </test-suite>
        <test-suite type="ParameterizedMethod" id="0-1034" name="hasTwoPairTest" fullname="GamingTests.CardAnalyzerTest.hasTwoPairTest" classname="GamingTests.CardAnalyzerTest" runstate="Runnable" testcasecount="1" result="Passed" start-time="2017-04-26 21:53:30Z" end-time="2017-04-26 21:53:30Z" duration="0.034042" total="1" passed="1" failed="0" warnings="0" inconclusive="0" skipped="0" asserts="1">
          <test-case id="0-1033" name="hasTwoPairTest()" fullname="GamingTests.CardAnalyzerTest.hasTwoPairTest()" methodname="hasTwoPairTest" classname="GamingTests.CardAnalyzerTest" runstate="Runnable" seed="1488211147" result="Passed" start-time="2017-04-26 21:53:30Z" end-time="2017-04-26 21:53:30Z" duration="0.031155" asserts="1" />
        </test-suite>
        <test-suite type="ParameterizedMethod" id="0-1038" name="highCardAnalyzeTest" fullname="GamingTests.CardAnalyzerTest.highCardAnalyzeTest" classname="GamingTests.CardAnalyzerTest" runstate="Runnable" testcasecount="1" result="Passed" start-time="2017-04-26 21:53:30Z" end-time="2017-04-26 21:53:30Z" duration="0.042470" total="1" passed="1" failed="0" warnings="0" inconclusive="0" skipped="0" asserts="1">
          <test-case id="0-1037" name="highCardAnalyzeTest()" fullname="GamingTests.CardAnalyzerTest.highCardAnalyzeTest()" methodname="highCardAnalyzeTest" classname="GamingTests.CardAnalyzerTest" runstate="Runnable" seed="1953584181" result="Passed" start-time="2017-04-26 21:53:30Z" end-time="2017-04-26 21:53:30Z" duration="0.039907" asserts="1" />
        </test-suite>
        <test-suite type="ParameterizedMethod" id="0-1044" name="highStraightAnalyzeTest" fullname="GamingTests.CardAnalyzerTest.highStraightAnalyzeTest" classname="GamingTests.CardAnalyzerTest" runstate="Runnable" testcasecount="1" result="Passed" start-time="2017-04-26 21:53:30Z" end-time="2017-04-26 21:53:30Z" duration="0.025562" total="1" passed="1" failed="0" warnings="0" inconclusive="0" skipped="0" asserts="1">
          <test-case id="0-1043" name="highStraightAnalyzeTest()" fullname="GamingTests.CardAnalyzerTest.highStraightAnalyzeTest()" methodname="highStraightAnalyzeTest" classname="GamingTests.CardAnalyzerTest" runstate="Runnable" seed="1011430176" result="Passed" start-time="2017-04-26 21:53:30Z" end-time="2017-04-26 21:53:30Z" duration="0.022603" asserts="1" />
        </test-suite>
        <test-suite type="ParameterizedMethod" id="0-1042" name="lowStraightAnalyzeTest" fullname="GamingTests.CardAnalyzerTest.lowStraightAnalyzeTest" classname="GamingTests.CardAnalyzerTest" runstate="Runnable" testcasecount="1" result="Passed" start-time="2017-04-26 21:53:30Z" end-time="2017-04-26 21:53:30Z" duration="0.024603" total="1" passed="1" failed="0" warnings="0" inconclusive="0" skipped="0" asserts="1">
          <test-case id="0-1041" name="lowStraightAnalyzeTest()" fullname="GamingTests.CardAnalyzerTest.lowStraightAnalyzeTest()" methodname="lowStraightAnalyzeTest" classname="GamingTests.CardAnalyzerTest" runstate="Runnable" seed="1312957056" result="Passed" start-time="2017-04-26 21:53:30Z" end-time="2017-04-26 21:53:30Z" duration="0.021496" asserts="1" />
        </test-suite>
        <test-suite type="ParameterizedMethod" id="0-1024" name="noFlushTest" fullname="GamingTests.CardAnalyzerTest.noFlushTest" classname="GamingTests.CardAnalyzerTest" runstate="Runnable" testcasecount="1" result="Passed" start-time="2017-04-26 21:53:30Z" end-time="2017-04-26 21:53:30Z" duration="0.036549" total="1" passed="1" failed="0" warnings="0" inconclusive="0" skipped="0" asserts="1">
          <test-case id="0-1023" name="noFlushTest()" fullname="GamingTests.CardAnalyzerTest.noFlushTest()" methodname="noFlushTest" classname="GamingTests.CardAnalyzerTest" runstate="Runnable" seed="1918588648" result="Passed" start-time="2017-04-26 21:53:30Z" end-time="2017-04-26 21:53:30Z" duration="0.033987" asserts="1" />
        </test-suite>
        <test-suite type="ParameterizedMethod" id="0-1016" name="noFourOfAKindTest" fullname="GamingTests.CardAnalyzerTest.noFourOfAKindTest" classname="GamingTests.CardAnalyzerTest" runstate="Runnable" testcasecount="1" result="Passed" start-time="2017-04-26 21:53:30Z" end-time="2017-04-26 21:53:30Z" duration="0.015040" total="1" passed="1" failed="0" warnings="0" inconclusive="0" skipped="0" asserts="1">
          <test-case id="0-1015" name="noFourOfAKindTest()" fullname="GamingTests.CardAnalyzerTest.noFourOfAKindTest()" methodname="noFourOfAKindTest" classname="GamingTests.CardAnalyzerTest" runstate="Runnable" seed="1445506937" result="Passed" start-time="2017-04-26 21:53:30Z" end-time="2017-04-26 21:53:30Z" duration="0.012345" asserts="1" />
        </test-suite>
        <test-suite type="ParameterizedMethod" id="0-1020" name="noFullHouseTest" fullname="GamingTests.CardAnalyzerTest.noFullHouseTest" classname="GamingTests.CardAnalyzerTest" runstate="Runnable" testcasecount="1" result="Passed" start-time="2017-04-26 21:53:30Z" end-time="2017-04-26 21:53:30Z" duration="0.050567" total="1" passed="1" failed="0" warnings="0" inconclusive="0" skipped="0" asserts="1">
          <test-case id="0-1019" name="noFullHouseTest()" fullname="GamingTests.CardAnalyzerTest.noFullHouseTest()" methodname="noFullHouseTest" classname="GamingTests.CardAnalyzerTest" runstate="Runnable" seed="1459397236" result="Passed" start-time="2017-04-26 21:53:30Z" end-time="2017-04-26 21:53:30Z" duration="0.047952" asserts="1" />
        </test-suite>
        <test-suite type="ParameterizedMethod" id="0-1006" name="noRoyalFlush2Test" fullname="GamingTests.CardAnalyzerTest.noRoyalFlush2Test" classname="GamingTests.CardAnalyzerTest" runstate="Runnable" testcasecount="1" result="Passed" start-time="2017-04-26 21:53:30Z" end-time="2017-04-26 21:53:30Z" duration="0.043069" total="1" passed="1" failed="0" warnings="0" inconclusive="0" skipped="0" asserts="1">
          <test-case id="0-1005" name="noRoyalFlush2Test()" fullname="GamingTests.CardAnalyzerTest.noRoyalFlush2Test()" methodname="noRoyalFlush2Test" classname="GamingTests.CardAnalyzerTest" runstate="Runnable" seed="290208848" result="Passed" start-time="2017-04-26 21:53:30Z" end-time="2017-04-26 21:53:30Z" duration="0.040418" asserts="1" />
        </test-suite>
        <test-suite type="ParameterizedMethod" id="0-1004" name="noRoyalFlushTest" fullname="GamingTests.CardAnalyzerTest.noRoyalFlushTest" classname="GamingTests.CardAnalyzerTest" runstate="Runnable" testcasecount="1" result="Passed" start-time="2017-04-26 21:53:30Z" end-time="2017-04-26 21:53:30Z" duration="0.051101" total="1" passed="1" failed="0" warnings="0" inconclusive="0" skipped="0" asserts="1">
          <test-case id="0-1003" name="noRoyalFlushTest()" fullname="GamingTests.CardAnalyzerTest.noRoyalFlushTest()" methodname="noRoyalFlushTest" classname="GamingTests.CardAnalyzerTest" runstate="Runnable" seed="1009183297" result="Passed" start-time="2017-04-26 21:53:30Z" end-time="2017-04-26 21:53:30Z" duration="0.048407" asserts="1" />
        </test-suite>
        <test-suite type="ParameterizedMethod" id="0-1008" name="noStraightFlushTest" fullname="GamingTests.CardAnalyzerTest.noStraightFlushTest" classname="GamingTests.CardAnalyzerTest" runstate="Runnable" testcasecount="1" result="Passed" start-time="2017-04-26 21:53:30Z" end-time="2017-04-26 21:53:30Z" duration="0.050563" total="1" passed="1" failed="0" warnings="0" inconclusive="0" skipped="0" asserts="1">
          <test-case id="0-1007" name="noStraightFlushTest()" fullname="GamingTests.CardAnalyzerTest.noStraightFlushTest()" methodname="noStraightFlushTest" classname="GamingTests.CardAnalyzerTest" runstate="Runnable" seed="1514014087" result="Passed" start-time="2017-04-26 21:53:30Z" end-time="2017-04-26 21:53:30Z" duration="0.047932" asserts="1" />
        </test-suite>
        <test-suite type="ParameterizedMethod" id="0-1028" name="noStraightTest" fullname="GamingTests.CardAnalyzerTest.noStraightTest" classname="GamingTests.CardAnalyzerTest" runstate="Runnable" testcasecount="1" result="Passed" start-time="2017-04-26 21:53:30Z" end-time="2017-04-26 21:53:30Z" duration="0.078199" total="1" passed="1" failed="0" warnings="0" inconclusive="0" skipped="0" asserts="1">
          <test-case id="0-1027" name="noStraightTest()" fullname="GamingTests.CardAnalyzerTest.noStraightTest()" methodname="noStraightTest" classname="GamingTests.CardAnalyzerTest" runstate="Runnable" seed="1774037394" result="Passed" start-time="2017-04-26 21:53:30Z" end-time="2017-04-26 21:53:30Z" duration="0.075053" asserts="1" />
        </test-suite>
        <test-suite type="ParameterizedMethod" id="0-1032" name="noThreeOfAKindTest" fullname="GamingTests.CardAnalyzerTest.noThreeOfAKindTest" classname="GamingTests.CardAnalyzerTest" runstate="Runnable" testcasecount="1" result="Passed" start-time="2017-04-26 21:53:30Z" end-time="2017-04-26 21:53:30Z" duration="0.079475" total="1" passed="1" failed="0" warnings="0" inconclusive="0" skipped="0" asserts="1">
          <test-case id="0-1031" name="noThreeOfAKindTest()" fullname="GamingTests.CardAnalyzerTest.noThreeOfAKindTest()" methodname="noThreeOfAKindTest" classname="GamingTests.CardAnalyzerTest" runstate="Runnable" seed="595343615" result="Passed" start-time="2017-04-26 21:53:30Z" end-time="2017-04-26 21:53:30Z" duration="0.076396" asserts="1" />
        </test-suite>
        <test-suite type="ParameterizedMethod" id="0-1036" name="noTwoPairTest" fullname="GamingTests.CardAnalyzerTest.noTwoPairTest" classname="GamingTests.CardAnalyzerTest" runstate="Runnable" testcasecount="1" result="Passed" start-time="2017-04-26 21:53:30Z" end-time="2017-04-26 21:53:31Z" duration="0.077071" total="1" passed="1" failed="0" warnings="0" inconclusive="0" skipped="0" asserts="1">
          <test-case id="0-1035" name="noTwoPairTest()" fullname="GamingTests.CardAnalyzerTest.noTwoPairTest()" methodname="noTwoPairTest" classname="GamingTests.CardAnalyzerTest" runstate="Runnable" seed="255983071" result="Passed" start-time="2017-04-26 21:53:30Z" end-time="2017-04-26 21:53:31Z" duration="0.074332" asserts="1" />
        </test-suite>
        <test-suite type="ParameterizedMethod" id="0-1046" name="pairTieBreakerTest" fullname="GamingTests.CardAnalyzerTest.pairTieBreakerTest" classname="GamingTests.CardAnalyzerTest" runstate="Runnable" testcasecount="1" result="Passed" start-time="2017-04-26 21:53:31Z" end-time="2017-04-26 21:53:31Z" duration="0.022044" total="1" passed="1" failed="0" warnings="0" inconclusive="0" skipped="0" asserts="1">
          <test-case id="0-1045" name="pairTieBreakerTest()" fullname="GamingTests.CardAnalyzerTest.pairTieBreakerTest()" methodname="pairTieBreakerTest" classname="GamingTests.CardAnalyzerTest" runstate="Runnable" seed="867710261" result="Passed" start-time="2017-04-26 21:53:31Z" end-time="2017-04-26 21:53:31Z" duration="0.019423" asserts="1" />
        </test-suite>
        <test-suite type="ParameterizedMethod" id="0-1048" name="straightTieBreakerTest" fullname="GamingTests.CardAnalyzerTest.straightTieBreakerTest" classname="GamingTests.CardAnalyzerTest" runstate="Runnable" testcasecount="1" result="Passed" start-time="2017-04-26 21:53:31Z" end-time="2017-04-26 21:53:31Z" duration="0.024025" total="1" passed="1" failed="0" warnings="0" inconclusive="0" skipped="0" asserts="1">
          <test-case id="0-1047" name="straightTieBreakerTest()" fullname="GamingTests.CardAnalyzerTest.straightTieBreakerTest()" methodname="straightTieBreakerTest" classname="GamingTests.CardAnalyzerTest" runstate="Runnable" seed="283425516" result="Passed" start-time="2017-04-26 21:53:31Z" end-time="2017-04-26 21:53:31Z" duration="0.021465" asserts="1" />
        </test-suite>
      </test-suite>
      <test-suite type="TestFixture" id="0-1049" name="CardAndDeckTests" fullname="GamingTests.CardAndDeckTests" classname="GamingTests.CardAndDeckTests" runstate="Runnable" testcasecount="8" result="Passed" start-time="2017-04-26 21:53:31Z" end-time="2017-04-26 21:53:31Z" duration="0.070283" total="8" passed="8" failed="0" warnings="0" inconclusive="0" skipped="0" asserts="30">
        <test-suite type="ParameterizedMethod" id="0-1051" name="CompareEqualCards" fullname="GamingTests.CardAndDeckTests.CompareEqualCards" classname="GamingTests.CardAndDeckTests" runstate="Runnable" testcasecount="1" result="Passed" start-time="2017-04-26 21:53:31Z" end-time="2017-04-26 21:53:31Z" duration="0.004035" total="1" passed="1" failed="0" warnings="0" inconclusive="0" skipped="0" asserts="2">
          <test-case id="0-1050" name="CompareEqualCards()" fullname="GamingTests.CardAndDeckTests.CompareEqualCards()" methodname="CompareEqualCards" classname="GamingTests.CardAndDeckTests" runstate="Runnable" seed="439948576" result="Passed" start-time="2017-04-26 21:53:31Z" end-time="2017-04-26 21:53:31Z" duration="0.001303" asserts="2" />
        </test-suite>
        <test-suite type="ParameterizedMethod" id="0-1053" name="CompareUnequalCards" fullname="GamingTests.CardAndDeckTests.CompareUnequalCards" classname="GamingTests.CardAndDeckTests" runstate="Runnable" testcasecount="1" result="Passed" start-time="2017-04-26 21:53:31Z" end-time="2017-04-26 21:53:31Z" duration="0.005530" total="1" passed="1" failed="0" warnings="0" inconclusive="0" skipped="0" asserts="3">
          <test-case id="0-1052" name="CompareUnequalCards()" fullname="GamingTests.CardAndDeckTests.CompareUnequalCards()" methodname="CompareUnequalCards" classname="GamingTests.CardAndDeckTests" runstate="Runnable" seed="1557008236" result="Passed" start-time="2017-04-26 21:53:31Z" end-time="2017-04-26 21:53:31Z" duration="0.001548" asserts="3" />
        </test-suite>
        <test-suite type="ParameterizedMethod" id="0-1055" name="CreateDeckWithCorrectCards" fullname="GamingTests.CardAndDeckTests.CreateDeckWithCorrectCards" classname="GamingTests.CardAndDeckTests" runstate="Runnable" testcasecount="1" result="Passed" start-time="2017-04-26 21:53:31Z" end-time="2017-04-26 21:53:31Z" duration="0.007874" total="1" passed="1" failed="0" warnings="0" inconclusive="0" skipped="0" asserts="4">
          <test-case id="0-1054" name="CreateDeckWithCorrectCards()" fullname="GamingTests.CardAndDeckTests.CreateDeckWithCorrectCards()" methodname="CreateDeckWithCorrectCards" classname="GamingTests.CardAndDeckTests" runstate="Runnable" seed="20620423" result="Passed" start-time="2017-04-26 21:53:31Z" end-time="2017-04-26 21:53:31Z" duration="0.005288" asserts="4" />
        </test-suite>
        <test-suite type="ParameterizedMethod" id="0-1061" name="DrawFlop" fullname="GamingTests.CardAndDeckTests.DrawFlop" classname="GamingTests.CardAndDeckTests" runstate="Runnable" testcasecount="1" result="Passed" start-time="2017-04-26 21:53:31Z" end-time="2017-04-26 21:53:31Z" duration="0.006524" total="1" passed="1" failed="0" warnings="0" inconclusive="0" skipped="0" asserts="5">
          <test-case id="0-1060" name="DrawFlop()" fullname="GamingTests.CardAndDeckTests.DrawFlop()" methodname="DrawFlop" classname="GamingTests.CardAndDeckTests" runstate="Runnable" seed="1212361610" result="Passed" start-time="2017-04-26 21:53:31Z" end-time="2017-04-26 21:53:31Z" duration="0.003294" asserts="5" />
        </test-suite>
        <test-suite type="ParameterizedMethod" id="0-1059" name="DrawPlayerHand" fullname="GamingTests.CardAndDeckTests.DrawPlayerHand" classname="GamingTests.CardAndDeckTests" runstate="Runnable" testcasecount="1" result="Passed" start-time="2017-04-26 21:53:31Z" end-time="2017-04-26 21:53:31Z" duration="0.005040" total="1" passed="1" failed="0" warnings="0" inconclusive="0" skipped="0" asserts="5">
          <test-case id="0-1058" name="DrawPlayerHand()" fullname="GamingTests.CardAndDeckTests.DrawPlayerHand()" methodname="DrawPlayerHand" classname="GamingTests.CardAndDeckTests" runstate="Runnable" seed="1683045140" result="Passed" start-time="2017-04-26 21:53:31Z" end-time="2017-04-26 21:53:31Z" duration="0.002217" asserts="5" />
        </test-suite>
        <test-suite type="ParameterizedMethod" id="0-1063" name="DrawRiver" fullname="GamingTests.CardAndDeckTests.DrawRiver" classname="GamingTests.CardAndDeckTests" runstate="Runnable" testcasecount="1" result="Passed" start-time="2017-04-26 21:53:31Z" end-time="2017-04-26 21:53:31Z" duration="0.005394" total="1" passed="1" failed="0" warnings="0" inconclusive="0" skipped="0" asserts="3">
          <test-case id="0-1062" name="DrawRiver()" fullname="GamingTests.CardAndDeckTests.DrawRiver()" methodname="DrawRiver" classname="GamingTests.CardAndDeckTests" runstate="Runnable" seed="1276374264" result="Passed" start-time="2017-04-26 21:53:31Z" end-time="2017-04-26 21:53:31Z" duration="0.002811" asserts="3" />
        </test-suite>
        <test-suite type="ParameterizedMethod" id="0-1065" name="DrawTurn" fullname="GamingTests.CardAndDeckTests.DrawTurn" classname="GamingTests.CardAndDeckTests" runstate="Runnable" testcasecount="1" result="Passed" start-time="2017-04-26 21:53:31Z" end-time="2017-04-26 21:53:31Z" duration="0.004544" total="1" passed="1" failed="0" warnings="0" inconclusive="0" skipped="0" asserts="4">
          <test-case id="0-1064" name="DrawTurn()" fullname="GamingTests.CardAndDeckTests.DrawTurn()" methodname="DrawTurn" classname="GamingTests.CardAndDeckTests" runstate="Runnable" seed="945636481" result="Passed" start-time="2017-04-26 21:53:31Z" end-time="2017-04-26 21:53:31Z" duration="0.001783" asserts="4" />
        </test-suite>
        <test-suite type="ParameterizedMethod" id="0-1057" name="ShuffleCards" fullname="GamingTests.CardAndDeckTests.ShuffleCards" classname="GamingTests.CardAndDeckTests" runstate="Runnable" testcasecount="1" result="Passed" start-time="2017-04-26 21:53:31Z" end-time="2017-04-26 21:53:31Z" duration="0.006035" total="1" passed="1" failed="0" warnings="0" inconclusive="0" skipped="0" asserts="4">
          <test-case id="0-1056" name="ShuffleCards()" fullname="GamingTests.CardAndDeckTests.ShuffleCards()" methodname="ShuffleCards" classname="GamingTests.CardAndDeckTests" runstate="Runnable" seed="2122383407" result="Passed" start-time="2017-04-26 21:53:31Z" end-time="2017-04-26 21:53:31Z" duration="0.003305" asserts="4" />
        </test-suite>
      </test-suite>
      <test-suite type="TestFixture" id="0-1079" name="GamePlayTests" fullname="GamingTests.GamePlayTests" classname="GamingTests.GamePlayTests" runstate="Runnable" testcasecount="6" result="Passed" start-time="2017-04-26 21:53:31Z" end-time="2017-04-26 21:53:31Z" duration="0.253413" total="6" passed="6" failed="0" warnings="0" inconclusive="0" skipped="0" asserts="6">
        <test-suite type="ParameterizedMethod" id="0-1083" name="AllPlayersCheck" fullname="GamingTests.GamePlayTests.AllPlayersCheck" classname="GamingTests.GamePlayTests" runstate="Runnable" testcasecount="1" result="Passed" start-time="2017-04-26 21:53:31Z" end-time="2017-04-26 21:53:31Z" duration="0.188821" total="1" passed="1" failed="0" warnings="0" inconclusive="0" skipped="0" asserts="1">
          <test-case id="0-1082" name="AllPlayersCheck()" fullname="GamingTests.GamePlayTests.AllPlayersCheck()" methodname="AllPlayersCheck" classname="GamingTests.GamePlayTests" runstate="Runnable" seed="394129349" result="Passed" start-time="2017-04-26 21:53:31Z" end-time="2017-04-26 21:53:31Z" duration="0.186243" asserts="1">
            <output><![CDATA[2
0
1
0
1
2
0
1
2
0
1
2
]]></output>
          </test-case>
        </test-suite>
        <test-suite type="ParameterizedMethod" id="0-1081" name="AllPlayersFold" fullname="GamingTests.GamePlayTests.AllPlayersFold" classname="GamingTests.GamePlayTests" runstate="Runnable" testcasecount="1" result="Passed" start-time="2017-04-26 21:53:31Z" end-time="2017-04-26 21:53:31Z" duration="0.008032" total="1" passed="1" failed="0" warnings="0" inconclusive="0" skipped="0" asserts="1">
          <test-case id="0-1080" name="AllPlayersFold()" fullname="GamingTests.GamePlayTests.AllPlayersFold()" methodname="AllPlayersFold" classname="GamingTests.GamePlayTests" runstate="Runnable" seed="1613915522" result="Passed" start-time="2017-04-26 21:53:31Z" end-time="2017-04-26 21:53:31Z" duration="0.004966" asserts="1">
            <output><![CDATA[2
0
]]></output>
          </test-case>
        </test-suite>
        <test-suite type="ParameterizedMethod" id="0-1091" name="BadBetAndThenFixes" fullname="GamingTests.GamePlayTests.BadBetAndThenFixes" classname="GamingTests.GamePlayTests" runstate="Runnable" testcasecount="1" result="Passed" start-time="2017-04-26 21:53:31Z" end-time="2017-04-26 21:53:31Z" duration="0.009545" total="1" passed="1" failed="0" warnings="0" inconclusive="0" skipped="0" asserts="1">
          <test-case id="0-1090" name="BadBetAndThenFixes()" fullname="GamingTests.GamePlayTests.BadBetAndThenFixes()" methodname="BadBetAndThenFixes" classname="GamingTests.GamePlayTests" runstate="Runnable" seed="1840678857" result="Passed" start-time="2017-04-26 21:53:31Z" end-time="2017-04-26 21:53:31Z" duration="0.006693" asserts="1">
            <output><![CDATA[2
0
1
0
1
2
0
1
0
1
2
0
1
2
0
1
]]></output>
          </test-case>
        </test-suite>
        <test-suite type="ParameterizedMethod" id="0-1087" name="HeadToHeadAndFold" fullname="GamingTests.GamePlayTests.HeadToHeadAndFold" classname="GamingTests.GamePlayTests" runstate="Runnable" testcasecount="1" result="Passed" start-time="2017-04-26 21:53:31Z" end-time="2017-04-26 21:53:31Z" duration="0.009037" total="1" passed="1" failed="0" warnings="0" inconclusive="0" skipped="0" asserts="1">
          <test-case id="0-1086" name="HeadToHeadAndFold()" fullname="GamingTests.GamePlayTests.HeadToHeadAndFold()" methodname="HeadToHeadAndFold" classname="GamingTests.GamePlayTests" runstate="Runnable" seed="597930925" result="Passed" start-time="2017-04-26 21:53:31Z" end-time="2017-04-26 21:53:31Z" duration="0.005848" asserts="1">
            <output><![CDATA[2
0
1
0
1
2
0
1
0
1
2
]]></output>
          </test-case>
        </test-suite>
        <test-suite type="ParameterizedMethod" id="0-1089" name="HeadToHeadTwiceAndFold" fullname="GamingTests.GamePlayTests.HeadToHeadTwiceAndFold" classname="GamingTests.GamePlayTests" runstate="Runnable" testcasecount="1" result="Passed" start-time="2017-04-26 21:53:31Z" end-time="2017-04-26 21:53:31Z" duration="0.010045" total="1" passed="1" failed="0" warnings="0" inconclusive="0" skipped="0" asserts="1">
          <test-case id="0-1088" name="HeadToHeadTwiceAndFold()" fullname="GamingTests.GamePlayTests.HeadToHeadTwiceAndFold()" methodname="HeadToHeadTwiceAndFold" classname="GamingTests.GamePlayTests" runstate="Runnable" seed="879702623" result="Passed" start-time="2017-04-26 21:53:31Z" end-time="2017-04-26 21:53:31Z" duration="0.007122" asserts="1">
            <output><![CDATA[2
0
1
0
1
2
0
1
0
1
2
0
1
2
0
]]></output>
          </test-case>
        </test-suite>
        <test-suite type="ParameterizedMethod" id="0-1085" name="PlayersCloseBlindAndThenFold" fullname="GamingTests.GamePlayTests.PlayersCloseBlindAndThenFold" classname="GamingTests.GamePlayTests" runstate="Runnable" testcasecount="1" result="Passed" start-time="2017-04-26 21:53:31Z" end-time="2017-04-26 21:53:31Z" duration="0.008039" total="1" passed="1" failed="0" warnings="0" inconclusive="0" skipped="0" asserts="1">
          <test-case id="0-1084" name="PlayersCloseBlindAndThenFold()" fullname="GamingTests.GamePlayTests.PlayersCloseBlindAndThenFold()" methodname="PlayersCloseBlindAndThenFold" classname="GamingTests.GamePlayTests" runstate="Runnable" seed="1962720399" result="Passed" start-time="2017-04-26 21:53:31Z" end-time="2017-04-26 21:53:31Z" duration="0.004889" asserts="1">
            <output><![CDATA[2
0
1
0
1
2
0
1
]]></output>
          </test-case>
        </test-suite>
      </test-suite>
      <test-suite type="TestFixture" id="0-1092" name="GamePropertiesTests" fullname="GamingTests.GamePropertiesTests" classname="GamingTests.GamePropertiesTests" runstate="Runnable" testcasecount="4" result="Passed" start-time="2017-04-26 21:53:31Z" end-time="2017-04-26 21:53:31Z" duration="0.031549" total="4" passed="4" failed="0" warnings="0" inconclusive="0" skipped="0" asserts="9">
        <test-suite type="ParameterizedMethod" id="0-1098" name="GameStartWithLessThanMinimumPlayers" fullname="GamingTests.GamePropertiesTests.GameStartWithLessThanMinimumPlayers" classname="GamingTests.GamePropertiesTests" runstate="Runnable" testcasecount="1" result="Passed" start-time="2017-04-26 21:53:31Z" end-time="2017-04-26 21:53:31Z" duration="0.004531" total="1" passed="1" failed="0" warnings="0" inconclusive="0" skipped="0" asserts="1">
          <test-case id="0-1097" name="GameStartWithLessThanMinimumPlayers()" fullname="GamingTests.GamePropertiesTests.GameStartWithLessThanMinimumPlayers()" methodname="GameStartWithLessThanMinimumPlayers" classname="GamingTests.GamePropertiesTests" runstate="Runnable" seed="1497431800" result="Passed" start-time="2017-04-26 21:53:31Z" end-time="2017-04-26 21:53:31Z" duration="0.001869" asserts="1" />
        </test-suite>
        <test-suite type="ParameterizedMethod" id="0-1094" name="InvalidGameCreation" fullname="GamingTests.GamePropertiesTests.InvalidGameCreation" classname="GamingTests.GamePropertiesTests" runstate="Runnable" testcasecount="1" result="Passed" start-time="2017-04-26 21:53:31Z" end-time="2017-04-26 21:53:31Z" duration="0.004029" total="1" passed="1" failed="0" warnings="0" inconclusive="0" skipped="0" asserts="0">
          <test-case id="0-1093" name="InvalidGameCreation()" fullname="GamingTests.GamePropertiesTests.InvalidGameCreation()" methodname="InvalidGameCreation" classname="GamingTests.GamePropertiesTests" runstate="Runnable" seed="306959275" result="Passed" start-time="2017-04-26 21:53:31Z" end-time="2017-04-26 21:53:31Z" duration="0.000476" asserts="0" />
        </test-suite>
        <test-suite type="ParameterizedMethod" id="0-1100" name="MoreThanMaxPlayersJoinGame" fullname="GamingTests.GamePropertiesTests.MoreThanMaxPlayersJoinGame" classname="GamingTests.GamePropertiesTests" runstate="Runnable" testcasecount="1" result="Passed" start-time="2017-04-26 21:53:31Z" end-time="2017-04-26 21:53:31Z" duration="0.004056" total="1" passed="1" failed="0" warnings="0" inconclusive="0" skipped="0" asserts="0">
          <test-case id="0-1099" name="MoreThanMaxPlayersJoinGame()" fullname="GamingTests.GamePropertiesTests.MoreThanMaxPlayersJoinGame()" methodname="MoreThanMaxPlayersJoinGame" classname="GamingTests.GamePropertiesTests" runstate="Runnable" seed="1538274093" result="Passed" start-time="2017-04-26 21:53:31Z" end-time="2017-04-26 21:53:31Z" duration="0.001275" asserts="0" />
        </test-suite>
        <test-suite type="ParameterizedMethod" id="0-1096" name="ValidGameCreation" fullname="GamingTests.GamePropertiesTests.ValidGameCreation" classname="GamingTests.GamePropertiesTests" runstate="Runnable" testcasecount="1" result="Passed" start-time="2017-04-26 21:53:31Z" end-time="2017-04-26 21:53:31Z" duration="0.005804" total="1" passed="1" failed="0" warnings="0" inconclusive="0" skipped="0" asserts="8">
          <test-case id="0-1095" name="ValidGameCreation()" fullname="GamingTests.GamePropertiesTests.ValidGameCreation()" methodname="ValidGameCreation" classname="GamingTests.GamePropertiesTests" runstate="Runnable" seed="1034192135" result="Passed" start-time="2017-04-26 21:53:31Z" end-time="2017-04-26 21:53:31Z" duration="0.003024" asserts="8" />
        </test-suite>
      </test-suite>
      <test-suite type="TestFixture" id="0-1101" name="MoveTests" fullname="GamingTests.MoveTests" classname="GamingTests.MoveTests" runstate="Runnable" testcasecount="4" result="Passed" start-time="2017-04-26 21:53:31Z" end-time="2017-04-26 21:53:31Z" duration="0.115353" total="4" passed="4" failed="0" warnings="0" inconclusive="0" skipped="0" asserts="2">
        <test-suite type="ParameterizedMethod" id="0-1103" name="ValidBetMove" fullname="GamingTests.MoveTests.ValidBetMove" classname="GamingTests.MoveTests" runstate="Runnable" testcasecount="1" result="Passed" start-time="2017-04-26 21:53:31Z" end-time="2017-04-26 21:53:31Z" duration="0.091314" total="1" passed="1" failed="0" warnings="0" inconclusive="0" skipped="0" asserts="2">
          <test-case id="0-1102" name="ValidBetMove()" fullname="GamingTests.MoveTests.ValidBetMove()" methodname="ValidBetMove" classname="GamingTests.MoveTests" runstate="Runnable" seed="2118916351" result="Passed" start-time="2017-04-26 21:53:31Z" end-time="2017-04-26 21:53:31Z" duration="0.088659" asserts="2">
            <output><![CDATA[0
1
0
1
0
1
0
1
]]></output>
          </test-case>
        </test-suite>
        <test-suite type="ParameterizedMethod" id="0-1109" name="ValidEndGameMoves" fullname="GamingTests.MoveTests.ValidEndGameMoves" classname="GamingTests.MoveTests" runstate="Runnable" testcasecount="1" result="Passed" start-time="2017-04-26 21:53:31Z" end-time="2017-04-26 21:53:31Z" duration="0.002969" total="1" passed="1" failed="0" warnings="0" inconclusive="0" skipped="0" asserts="0">
          <test-case id="0-1108" name="ValidEndGameMoves()" fullname="GamingTests.MoveTests.ValidEndGameMoves()" methodname="ValidEndGameMoves" classname="GamingTests.MoveTests" runstate="Runnable" seed="745118854" result="Passed" start-time="2017-04-26 21:53:31Z" end-time="2017-04-26 21:53:31Z" duration="0.000430" asserts="0" />
        </test-suite>
        <test-suite type="ParameterizedMethod" id="0-1105" name="ValidNewCardMove" fullname="GamingTests.MoveTests.ValidNewCardMove" classname="GamingTests.MoveTests" runstate="Runnable" testcasecount="1" result="Passed" start-time="2017-04-26 21:53:31Z" end-time="2017-04-26 21:53:31Z" duration="0.003741" total="1" passed="1" failed="0" warnings="0" inconclusive="0" skipped="0" asserts="0">
          <test-case id="0-1104" name="ValidNewCardMove()" fullname="GamingTests.MoveTests.ValidNewCardMove()" methodname="ValidNewCardMove" classname="GamingTests.MoveTests" runstate="Runnable" seed="2054168577" result="Passed" start-time="2017-04-26 21:53:31Z" end-time="2017-04-26 21:53:31Z" duration="0.000658" asserts="0" />
        </test-suite>
        <test-suite type="ParameterizedMethod" id="0-1107" name="ValidNewGameMove" fullname="GamingTests.MoveTests.ValidNewGameMove" classname="GamingTests.MoveTests" runstate="Runnable" testcasecount="1" result="Passed" start-time="2017-04-26 21:53:31Z" end-time="2017-04-26 21:53:31Z" duration="0.003554" total="1" passed="1" failed="0" warnings="0" inconclusive="0" skipped="0" asserts="0">
          <test-case id="0-1106" name="ValidNewGameMove()" fullname="GamingTests.MoveTests.ValidNewGameMove()" methodname="ValidNewGameMove" classname="GamingTests.MoveTests" runstate="Runnable" seed="1958281054" result="Passed" start-time="2017-04-26 21:53:31Z" end-time="2017-04-26 21:53:31Z" duration="0.000525" asserts="0" />
        </test-suite>
      </test-suite>
    </test-suite>
  </test-suite>
</test-run>